{"meta": {"format": 3, "version": "7.13.5", "timestamp": "2026-05-06T21:17:54.238595", "branch_coverage": false, "show_contexts": false}, "files": {"story_video\\__init__.py": {"executed_lines": [3], "summary": {"covered_lines": 1, "num_statements": 1, "percent_covered": 100.0, "percent_covered_display": "100", "missing_lines": 0, "excluded_lines": 0, "percent_statements_covered": 100.0, "percent_statements_covered_display": "100"}, "missing_lines": [], "excluded_lines": [], "functions": {"": {"executed_lines": [3], "summary": {"covered_lines": 1, "num_statements": 1, "percent_covered": 100.0, "percent_covered_display": "100", "missing_lines": 0, "excluded_lines": 0, "percent_statements_covered": 100.0, "percent_statements_covered_display": "100"}, "missing_lines": [], "excluded_lines": [], "start_line": 1}}, "classes": {"": {"executed_lines": [3], "summary": {"covered_lines": 1, "num_statements": 1, "percent_covered": 100.0, "percent_covered_display": "100", "missing_lines": 0, "excluded_lines": 0, "percent_statements_covered": 100.0, "percent_statements_covered_display": "100"}, "missing_lines": [], "excluded_lines": [], "start_line": 1}}}, "story_video\\cli.py": {"executed_lines": [3, 4, 5, 6, 7, 8, 10, 12, 13, 14, 15, 16, 17, 18, 19, 22, 23, 24, 25, 27, 31, 32, 33, 34, 35, 36, 37, 38, 39, 40, 41, 42, 43, 44, 45, 46, 47, 67, 72, 73, 74, 76, 77, 78, 79, 80, 82, 84, 88, 89, 90, 91, 92, 93, 94, 95, 97, 98, 101, 102, 103, 105, 106, 108, 113, 116, 117, 118, 121, 122, 123, 124, 127, 135, 136, 137, 139, 146, 147, 148, 150, 158, 159, 160, 161, 162, 164, 165, 167, 168, 169, 170, 171, 172, 177, 178, 180, 181, 183, 184, 186, 187, 188, 199, 209, 210, 213, 214, 215, 216, 219, 220, 221, 222, 224, 225, 226, 227, 233, 234, 235, 237, 239, 246, 248, 250, 251, 252, 253, 277, 278, 280, 281, 282, 285, 290], "summary": {"covered_lines": 136, "num_statements": 168, "percent_covered": 80.95238095238095, "percent_covered_display": "81", "missing_lines": 32, "excluded_lines": 0, "percent_statements_covered": 80.95238095238095, "percent_statements_covered_display": "81"}, "missing_lines": [28, 68, 69, 85, 86, 87, 109, 110, 140, 141, 142, 143, 174, 193, 194, 195, 196, 200, 229, 230, 240, 241, 242, 243, 255, 256, 271, 272, 273, 274, 287, 291], "excluded_lines": [], "functions": {"cli": {"executed_lines": [27], "summary": {"covered_lines": 1, "num_statements": 2, "percent_covered": 50.0, "percent_covered_display": "50", "missing_lines": 1, "excluded_lines": 0, "percent_statements_covered": 50.0, "percent_statements_covered_display": "50"}, "missing_lines": [28], "excluded_lines": [], "start_line": 25}, "render": {"executed_lines": [67, 72, 73, 74, 76, 77, 78, 79, 80, 82, 84, 88, 89, 90, 91, 92, 93, 94, 95, 97, 98, 101, 102, 103, 105, 106, 108, 113, 116, 117, 118, 121, 122, 123, 124, 127, 135, 136, 137, 139, 146, 147, 148, 150, 158, 159, 160, 161, 162, 164, 165, 167, 168, 169, 170, 171, 172, 177, 178, 180, 181, 183, 184, 186, 187, 188, 199, 209, 210, 213, 214, 215, 216, 219, 220, 221, 222, 224, 225, 226, 227, 233, 234, 235, 237, 239], "summary": {"covered_lines": 86, "num_statements": 109, "percent_covered": 78.89908256880734, "percent_covered_display": "79", "missing_lines": 23, "excluded_lines": 0, "percent_statements_covered": 78.89908256880734, "percent_statements_covered_display": "79"}, "missing_lines": [68, 69, 85, 86, 87, 109, 110, 140, 141, 142, 143, 174, 193, 194, 195, 196, 200, 229, 230, 240, 241, 242, 243], "excluded_lines": [], "start_line": 47}, "_stitch_video": {"executed_lines": [248, 250, 251, 252, 253], "summary": {"covered_lines": 5, "num_statements": 11, "percent_covered": 45.45454545454545, "percent_covered_display": "45", "missing_lines": 6, "excluded_lines": 0, "percent_statements_covered": 45.45454545454545, "percent_statements_covered_display": "45"}, "missing_lines": [255, 256, 271, 272, 273, 274], "excluded_lines": [], "start_line": 246}, "doctor": {"executed_lines": [280, 281, 282], "summary": {"covered_lines": 3, "num_statements": 3, "percent_covered": 100.0, "percent_covered_display": "100", "missing_lines": 0, "excluded_lines": 0, "percent_statements_covered": 100.0, "percent_statements_covered_display": "100"}, "missing_lines": [], "excluded_lines": [], "start_line": 278}, "main": {"executed_lines": [], "summary": {"covered_lines": 0, "num_statements": 1, "percent_covered": 0.0, "percent_covered_display": "0", "missing_lines": 1, "excluded_lines": 0, "percent_statements_covered": 0.0, "percent_statements_covered_display": "0"}, "missing_lines": [287], "excluded_lines": [], "start_line": 285}, "": {"executed_lines": [3, 4, 5, 6, 7, 8, 10, 12, 13, 14, 15, 16, 17, 18, 19, 22, 23, 24, 25, 31, 32, 33, 34, 35, 36, 37, 38, 39, 40, 41, 42, 43, 44, 45, 46, 47, 246, 277, 278, 285, 290], "summary": {"covered_lines": 41, "num_statements": 42, "percent_covered": 97.61904761904762, "percent_covered_display": "98", "missing_lines": 1, "excluded_lines": 0, "percent_statements_covered": 97.61904761904762, "percent_statements_covered_display": "98"}, "missing_lines": [291], "excluded_lines": [], "start_line": 1}}, "classes": {"": {"executed_lines": [3, 4, 5, 6, 7, 8, 10, 12, 13, 14, 15, 16, 17, 18, 19, 22, 23, 24, 25, 27, 31, 32, 33, 34, 35, 36, 37, 38, 39, 40, 41, 42, 43, 44, 45, 46, 47, 67, 72, 73, 74, 76, 77, 78, 79, 80, 82, 84, 88, 89, 90, 91, 92, 93, 94, 95, 97, 98, 101, 102, 103, 105, 106, 108, 113, 116, 117, 118, 121, 122, 123, 124, 127, 135, 136, 137, 139, 146, 147, 148, 150, 158, 159, 160, 161, 162, 164, 165, 167, 168, 169, 170, 171, 172, 177, 178, 180, 181, 183, 184, 186, 187, 188, 199, 209, 210, 213, 214, 215, 216, 219, 220, 221, 222, 224, 225, 226, 227, 233, 234, 235, 237, 239, 246, 248, 250, 251, 252, 253, 277, 278, 280, 281, 282, 285, 290], "summary": {"covered_lines": 136, "num_statements": 168, "percent_covered": 80.95238095238095, "percent_covered_display": "81", "missing_lines": 32, "excluded_lines": 0, "percent_statements_covered": 80.95238095238095, "percent_statements_covered_display": "81"}, "missing_lines": [28, 68, 69, 85, 86, 87, 109, 110, 140, 141, 142, 143, 174, 193, 194, 195, 196, 200, 229, 230, 240, 241, 242, 243, 255, 256, 271, 272, 273, 274, 287, 291], "excluded_lines": [], "start_line": 1}}}, "story_video\\config.py": {"executed_lines": [3, 6, 7, 8, 9, 10, 14, 15, 16, 17, 20, 21], "summary": {"covered_lines": 12, "num_statements": 12, "percent_covered": 100.0, "percent_covered_display": "100", "missing_lines": 0, "excluded_lines": 0, "percent_statements_covered": 100.0, "percent_statements_covered_display": "100"}, "missing_lines": [], "excluded_lines": [], "functions": {"": {"executed_lines": [3, 6, 7, 8, 9, 10, 14, 15, 16, 17, 20, 21], "summary": {"covered_lines": 12, "num_statements": 12, "percent_covered": 100.0, "percent_covered_display": "100", "missing_lines": 0, "excluded_lines": 0, "percent_statements_covered": 100.0, "percent_statements_covered_display": "100"}, "missing_lines": [], "excluded_lines": [], "start_line": 1}}, "classes": {"": {"executed_lines": [3, 6, 7, 8, 9, 10, 14, 15, 16, 17, 20, 21], "summary": {"covered_lines": 12, "num_statements": 12, "percent_covered": 100.0, "percent_covered_display": "100", "missing_lines": 0, "excluded_lines": 0, "percent_statements_covered": 100.0, "percent_statements_covered_display": "100"}, "missing_lines": [], "excluded_lines": [], "start_line": 1}}}, "story_video\\doctor.py": {"executed_lines": [3, 4, 5, 6, 8, 9, 12, 15, 16, 30, 31, 38, 39, 45, 46, 52, 53, 60, 61, 68, 69, 76, 77, 110, 111, 124, 125, 127, 128, 130, 131, 132, 133, 134, 137, 139, 140, 144], "summary": {"covered_lines": 38, "num_statements": 99, "percent_covered": 38.38383838383838, "percent_covered_display": "38", "missing_lines": 61, "excluded_lines": 0, "percent_statements_covered": 38.38383838383838, "percent_statements_covered_display": "38"}, "missing_lines": [18, 28, 33, 34, 35, 36, 41, 42, 43, 48, 49, 50, 55, 56, 57, 58, 63, 64, 65, 66, 71, 72, 73, 74, 79, 81, 83, 84, 85, 86, 87, 88, 89, 91, 92, 93, 94, 96, 97, 98, 99, 100, 101, 102, 103, 104, 105, 106, 108, 113, 114, 115, 116, 117, 118, 119, 120, 121, 122, 135, 142], "excluded_lines": [], "functions": {"SystemDoctor.check_all": {"executed_lines": [], "summary": {"covered_lines": 0, "num_statements": 2, "percent_covered": 0.0, "percent_covered_display": "0", "missing_lines": 2, "excluded_lines": 0, "percent_statements_covered": 0.0, "percent_statements_covered_display": "0"}, "missing_lines": [18, 28], "excluded_lines": [], "start_line": 16}, "SystemDoctor._check_python_version": {"executed_lines": [], "summary": {"covered_lines": 0, "num_statements": 4, "percent_covered": 0.0, "percent_covered_display": "0", "missing_lines": 4, "excluded_lines": 0, "percent_statements_covered": 0.0, "percent_statements_covered_display": "0"}, "missing_lines": [33, 34, 35, 36], "excluded_lines": [], "start_line": 31}, "SystemDoctor._check_ffmpeg": {"executed_lines": [], "summary": {"covered_lines": 0, "num_statements": 3, "percent_covered": 0.0, "percent_covered_display": "0", "missing_lines": 3, "excluded_lines": 0, "percent_statements_covered": 0.0, "percent_statements_covered_display": "0"}, "missing_lines": [41, 42, 43], "excluded_lines": [], "start_line": 39}, "SystemDoctor._check_nodejs": {"executed_lines": [], "summary": {"covered_lines": 0, "num_statements": 3, "percent_covered": 0.0, "percent_covered_display": "0", "missing_lines": 3, "excluded_lines": 0, "percent_statements_covered": 0.0, "percent_statements_covered_display": "0"}, "missing_lines": [48, 49, 50], "excluded_lines": [], "start_line": 46}, "SystemDoctor._check_remotion": {"executed_lines": [], "summary": {"covered_lines": 0, "num_statements": 4, "percent_covered": 0.0, "percent_covered_display": "0", "missing_lines": 4, "excluded_lines": 0, "percent_statements_covered": 0.0, "percent_statements_covered_display": "0"}, "missing_lines": [55, 56, 57, 58], "excluded_lines": [], "start_line": 53}, "SystemDoctor._check_stitcher": {"executed_lines": [], "summary": {"covered_lines": 0, "num_statements": 4, "percent_covered": 0.0, "percent_covered_display": "0", "missing_lines": 4, "excluded_lines": 0, "percent_statements_covered": 0.0, "percent_statements_covered_display": "0"}, "missing_lines": [63, 64, 65, 66], "excluded_lines": [], "start_line": 61}, "SystemDoctor._check_image_gen": {"executed_lines": [], "summary": {"covered_lines": 0, "num_statements": 4, "percent_covered": 0.0, "percent_covered_display": "0", "missing_lines": 4, "excluded_lines": 0, "percent_statements_covered": 0.0, "percent_statements_covered_display": "0"}, "missing_lines": [71, 72, 73, 74], "excluded_lines": [], "start_line": 69}, "SystemDoctor._check_llm_provider": {"executed_lines": [], "summary": {"covered_lines": 0, "num_statements": 25, "percent_covered": 0.0, "percent_covered_display": "0", "missing_lines": 25, "excluded_lines": 0, "percent_statements_covered": 0.0, "percent_statements_covered_display": "0"}, "missing_lines": [79, 81, 83, 84, 85, 86, 87, 88, 89, 91, 92, 93, 94, 96, 97, 98, 99, 100, 101, 102, 103, 104, 105, 106, 108], "excluded_lines": [], "start_line": 77}, "SystemDoctor._check_output_dir": {"executed_lines": [], "summary": {"covered_lines": 0, "num_statements": 10, "percent_covered": 0.0, "percent_covered_display": "0", "missing_lines": 10, "excluded_lines": 0, "percent_statements_covered": 0.0, "percent_statements_covered_display": "0"}, "missing_lines": [113, 114, 115, 116, 117, 118, 119, 120, 121, 122], "excluded_lines": [], "start_line": 111}, "SystemDoctor.print_report": {"executed_lines": [127, 128, 130, 131, 132, 133, 134, 137, 139, 140, 144], "summary": {"covered_lines": 11, "num_statements": 13, "percent_covered": 84.61538461538461, "percent_covered_display": "85", "missing_lines": 2, "excluded_lines": 0, "percent_statements_covered": 84.61538461538461, "percent_statements_covered_display": "85"}, "missing_lines": [135, 142], "excluded_lines": [], "start_line": 125}, "": {"executed_lines": [3, 4, 5, 6, 8, 9, 12, 15, 16, 30, 31, 38, 39, 45, 46, 52, 53, 60, 61, 68, 69, 76, 77, 110, 111, 124, 125], "summary": {"covered_lines": 27, "num_statements": 27, "percent_covered": 100.0, "percent_covered_display": "100", "missing_lines": 0, "excluded_lines": 0, "percent_statements_covered": 100.0, "percent_statements_covered_display": "100"}, "missing_lines": [], "excluded_lines": [], "start_line": 1}}, "classes": {"SystemDoctor": {"executed_lines": [127, 128, 130, 131, 132, 133, 134, 137, 139, 140, 144], "summary": {"covered_lines": 11, "num_statements": 72, "percent_covered": 15.277777777777779, "percent_covered_display": "15", "missing_lines": 61, "excluded_lines": 0, "percent_statements_covered": 15.277777777777779, "percent_statements_covered_display": "15"}, "missing_lines": [18, 28, 33, 34, 35, 36, 41, 42, 43, 48, 49, 50, 55, 56, 57, 58, 63, 64, 65, 66, 71, 72, 73, 74, 79, 81, 83, 84, 85, 86, 87, 88, 89, 91, 92, 93, 94, 96, 97, 98, 99, 100, 101, 102, 103, 104, 105, 106, 108, 113, 114, 115, 116, 117, 118, 119, 120, 121, 122, 135, 142], "excluded_lines": [], "start_line": 12}, "": {"executed_lines": [3, 4, 5, 6, 8, 9, 12, 15, 16, 30, 31, 38, 39, 45, 46, 52, 53, 60, 61, 68, 69, 76, 77, 110, 111, 124, 125], "summary": {"covered_lines": 27, "num_statements": 27, "percent_covered": 100.0, "percent_covered_display": "100", "missing_lines": 0, "excluded_lines": 0, "percent_statements_covered": 100.0, "percent_statements_covered_display": "100"}, "missing_lines": [], "excluded_lines": [], "start_line": 1}}}, "story_video\\models.py": {"executed_lines": [3, 4, 5, 7, 10, 13, 14, 15, 16, 17, 18, 19, 22, 25, 26, 27, 29, 30, 31, 32, 33, 34, 35, 36, 37, 40, 43, 44, 45, 46, 47, 48, 51, 54, 55, 56, 57, 58, 59, 60], "summary": {"covered_lines": 40, "num_statements": 40, "percent_covered": 100.0, "percent_covered_display": "100", "missing_lines": 0, "excluded_lines": 0, "percent_statements_covered": 100.0, "percent_statements_covered_display": "100"}, "missing_lines": [], "excluded_lines": [], "functions": {"StoryPlan.validate_scenes": {"executed_lines": [31, 32, 33, 34, 35, 36, 37], "summary": {"covered_lines": 7, "num_statements": 7, "percent_covered": 100.0, "percent_covered_display": "100", "missing_lines": 0, "excluded_lines": 0, "percent_statements_covered": 100.0, "percent_statements_covered_display": "100"}, "missing_lines": [], "excluded_lines": [], "start_line": 30}, "": {"executed_lines": [3, 4, 5, 7, 10, 13, 14, 15, 16, 17, 18, 19, 22, 25, 26, 27, 29, 30, 40, 43, 44, 45, 46, 47, 48, 51, 54, 55, 56, 57, 58, 59, 60], "summary": {"covered_lines": 33, "num_statements": 33, "percent_covered": 100.0, "percent_covered_display": "100", "missing_lines": 0, "excluded_lines": 0, "percent_statements_covered": 100.0, "percent_statements_covered_display": "100"}, "missing_lines": [], "excluded_lines": [], "start_line": 1}}, "classes": {"Scene": {"executed_lines": [], "summary": {"covered_lines": 0, "num_statements": 0, "percent_covered": 100.0, "percent_covered_display": "100", "missing_lines": 0, "excluded_lines": 0, "percent_statements_covered": 100.0, "percent_statements_covered_display": "100"}, "missing_lines": [], "excluded_lines": [], "start_line": 10}, "StoryPlan": {"executed_lines": [31, 32, 33, 34, 35, 36, 37], "summary": {"covered_lines": 7, "num_statements": 7, "percent_covered": 100.0, "percent_covered_display": "100", "missing_lines": 0, "excluded_lines": 0, "percent_statements_covered": 100.0, "percent_statements_covered_display": "100"}, "missing_lines": [], "excluded_lines": [], "start_line": 22}, "RenderResult": {"executed_lines": [], "summary": {"covered_lines": 0, "num_statements": 0, "percent_covered": 100.0, "percent_covered_display": "100", "missing_lines": 0, "excluded_lines": 0, "percent_statements_covered": 100.0, "percent_statements_covered_display": "100"}, "missing_lines": [], "excluded_lines": [], "start_line": 40}, "RunManifest": {"executed_lines": [], "summary": {"covered_lines": 0, "num_statements": 0, "percent_covered": 100.0, "percent_covered_display": "100", "missing_lines": 0, "excluded_lines": 0, "percent_statements_covered": 100.0, "percent_statements_covered_display": "100"}, "missing_lines": [], "excluded_lines": [], "start_line": 51}, "": {"executed_lines": [3, 4, 5, 7, 10, 13, 14, 15, 16, 17, 18, 19, 22, 25, 26, 27, 29, 30, 40, 43, 44, 45, 46, 47, 48, 51, 54, 55, 56, 57, 58, 59, 60], "summary": {"covered_lines": 33, "num_statements": 33, "percent_covered": 100.0, "percent_covered_display": "100", "missing_lines": 0, "excluded_lines": 0, "percent_statements_covered": 100.0, "percent_statements_covered_display": "100"}, "missing_lines": [], "excluded_lines": [], "start_line": 1}}}, "story_video\\playlist_builder.py": {"executed_lines": [3, 4, 6, 8, 11, 14, 15, 23, 24, 25, 27, 29, 30, 31, 33, 39, 40, 41, 43, 45, 46, 48, 53, 54, 55, 57], "summary": {"covered_lines": 26, "num_statements": 26, "percent_covered": 100.0, "percent_covered_display": "100", "missing_lines": 0, "excluded_lines": 0, "percent_statements_covered": 100.0, "percent_statements_covered_display": "100"}, "missing_lines": [], "excluded_lines": [], "functions": {"PlaylistBuilder.build_playlist": {"executed_lines": [23, 24, 25, 27, 29, 30, 31, 33, 39, 40, 41, 43, 45, 46, 48, 53, 54, 55, 57], "summary": {"covered_lines": 19, "num_statements": 19, "percent_covered": 100.0, "percent_covered_display": "100", "missing_lines": 0, "excluded_lines": 0, "percent_statements_covered": 100.0, "percent_statements_covered_display": "100"}, "missing_lines": [], "excluded_lines": [], "start_line": 15}, "": {"executed_lines": [3, 4, 6, 8, 11, 14, 15], "summary": {"covered_lines": 7, "num_statements": 7, "percent_covered": 100.0, "percent_covered_display": "100", "missing_lines": 0, "excluded_lines": 0, "percent_statements_covered": 100.0, "percent_statements_covered_display": "100"}, "missing_lines": [], "excluded_lines": [], "start_line": 1}}, "classes": {"PlaylistBuilder": {"executed_lines": [23, 24, 25, 27, 29, 30, 31, 33, 39, 40, 41, 43, 45, 46, 48, 53, 54, 55, 57], "summary": {"covered_lines": 19, "num_statements": 19, "percent_covered": 100.0, "percent_covered_display": "100", "missing_lines": 0, "excluded_lines": 0, "percent_statements_covered": 100.0, "percent_statements_covered_display": "100"}, "missing_lines": [], "excluded_lines": [], "start_line": 11}, "": {"executed_lines": [3, 4, 6, 8, 11, 14, 15], "summary": {"covered_lines": 7, "num_statements": 7, "percent_covered": 100.0, "percent_covered_display": "100", "missing_lines": 0, "excluded_lines": 0, "percent_statements_covered": 100.0, "percent_statements_covered_display": "100"}, "missing_lines": [], "excluded_lines": [], "start_line": 1}}}, "story_video\\renderers\\__init__.py": {"executed_lines": [3, 4, 5, 6, 8], "summary": {"covered_lines": 5, "num_statements": 5, "percent_covered": 100.0, "percent_covered_display": "100", "missing_lines": 0, "excluded_lines": 0, "percent_statements_covered": 100.0, "percent_statements_covered_display": "100"}, "missing_lines": [], "excluded_lines": [], "functions": {"": {"executed_lines": [3, 4, 5, 6, 8], "summary": {"covered_lines": 5, "num_statements": 5, "percent_covered": 100.0, "percent_covered_display": "100", "missing_lines": 0, "excluded_lines": 0, "percent_statements_covered": 100.0, "percent_statements_covered_display": "100"}, "missing_lines": [], "excluded_lines": [], "start_line": 1}}, "classes": {"": {"executed_lines": [3, 4, 5, 6, 8], "summary": {"covered_lines": 5, "num_statements": 5, "percent_covered": 100.0, "percent_covered_display": "100", "missing_lines": 0, "excluded_lines": 0, "percent_statements_covered": 100.0, "percent_statements_covered_display": "100"}, "missing_lines": [], "excluded_lines": [], "start_line": 1}}}, "story_video\\renderers\\base.py": {"executed_lines": [3, 4, 5, 7, 10, 13, 14, 15, 16, 18, 19, 23, 24, 28, 30], "summary": {"covered_lines": 15, "num_statements": 17, "percent_covered": 88.23529411764706, "percent_covered_display": "88", "missing_lines": 2, "excluded_lines": 0, "percent_statements_covered": 88.23529411764706, "percent_statements_covered_display": "88"}, "missing_lines": [21, 26], "excluded_lines": [], "functions": {"BaseRenderer.__init__": {"executed_lines": [14, 15, 16], "summary": {"covered_lines": 3, "num_statements": 3, "percent_covered": 100.0, "percent_covered_display": "100", "missing_lines": 0, "excluded_lines": 0, "percent_statements_covered": 100.0, "percent_statements_covered_display": "100"}, "missing_lines": [], "excluded_lines": [], "start_line": 13}, "BaseRenderer.is_available": {"executed_lines": [], "summary": {"covered_lines": 0, "num_statements": 1, "percent_covered": 0.0, "percent_covered_display": "0", "missing_lines": 1, "excluded_lines": 0, "percent_statements_covered": 0.0, "percent_statements_covered_display": "0"}, "missing_lines": [21], "excluded_lines": [], "start_line": 19}, "BaseRenderer.render": {"executed_lines": [], "summary": {"covered_lines": 0, "num_statements": 1, "percent_covered": 0.0, "percent_covered_display": "0", "missing_lines": 1, "excluded_lines": 0, "percent_statements_covered": 0.0, "percent_statements_covered_display": "0"}, "missing_lines": [26], "excluded_lines": [], "start_line": 24}, "BaseRenderer._get_output_path": {"executed_lines": [30], "summary": {"covered_lines": 1, "num_statements": 1, "percent_covered": 100.0, "percent_covered_display": "100", "missing_lines": 0, "excluded_lines": 0, "percent_statements_covered": 100.0, "percent_statements_covered_display": "100"}, "missing_lines": [], "excluded_lines": [], "start_line": 28}, "": {"executed_lines": [3, 4, 5, 7, 10, 13, 18, 19, 23, 24, 28], "summary": {"covered_lines": 11, "num_statements": 11, "percent_covered": 100.0, "percent_covered_display": "100", "missing_lines": 0, "excluded_lines": 0, "percent_statements_covered": 100.0, "percent_statements_covered_display": "100"}, "missing_lines": [], "excluded_lines": [], "start_line": 1}}, "classes": {"BaseRenderer": {"executed_lines": [14, 15, 16, 30], "summary": {"covered_lines": 4, "num_statements": 6, "percent_covered": 66.66666666666667, "percent_covered_display": "67", "missing_lines": 2, "excluded_lines": 0, "percent_statements_covered": 66.66666666666667, "percent_statements_covered_display": "67"}, "missing_lines": [21, 26], "excluded_lines": [], "start_line": 10}, "": {"executed_lines": [3, 4, 5, 7, 10, 13, 18, 19, 23, 24, 28], "summary": {"covered_lines": 11, "num_statements": 11, "percent_covered": 100.0, "percent_covered_display": "100", "missing_lines": 0, "excluded_lines": 0, "percent_statements_covered": 100.0, "percent_statements_covered_display": "100"}, "missing_lines": [], "excluded_lines": [], "start_line": 1}}}, "story_video\\renderers\\image_renderer.py": {"executed_lines": [3, 4, 5, 6, 7, 9, 10, 11, 12, 15, 18, 19, 20, 21, 22, 24, 26, 28, 30, 33, 36, 38, 40, 42, 45, 47, 54, 55, 64, 66, 67, 68, 70, 77, 96, 98, 99, 104, 116, 131, 140, 143, 146], "summary": {"covered_lines": 43, "num_statements": 54, "percent_covered": 79.62962962962963, "percent_covered_display": "80", "missing_lines": 11, "excluded_lines": 0, "percent_statements_covered": 79.62962962962963, "percent_statements_covered_display": "80"}, "missing_lines": [31, 34, 86, 87, 89, 90, 91, 92, 94, 141, 144], "excluded_lines": [], "functions": {"ImageRenderer.__init__": {"executed_lines": [19, 20, 21, 22], "summary": {"covered_lines": 4, "num_statements": 4, "percent_covered": 100.0, "percent_covered_display": "100", "missing_lines": 0, "excluded_lines": 0, "percent_statements_covered": 100.0, "percent_statements_covered_display": "100"}, "missing_lines": [], "excluded_lines": [], "start_line": 18}, "ImageRenderer._find_image_gen": {"executed_lines": [26], "summary": {"covered_lines": 1, "num_statements": 1, "percent_covered": 100.0, "percent_covered_display": "100", "missing_lines": 0, "excluded_lines": 0, "percent_statements_covered": 100.0, "percent_statements_covered_display": "100"}, "missing_lines": [], "excluded_lines": [], "start_line": 24}, "ImageRenderer.is_available": {"executed_lines": [30, 33, 36], "summary": {"covered_lines": 3, "num_statements": 5, "percent_covered": 60.0, "percent_covered_display": "60", "missing_lines": 2, "excluded_lines": 0, "percent_statements_covered": 60.0, "percent_statements_covered_display": "60"}, "missing_lines": [31, 34], "excluded_lines": [], "start_line": 28}, "ImageRenderer.render": {"executed_lines": [40, 42, 45, 47, 54, 55], "summary": {"covered_lines": 6, "num_statements": 6, "percent_covered": 100.0, "percent_covered_display": "100", "missing_lines": 0, "excluded_lines": 0, "percent_statements_covered": 100.0, "percent_statements_covered_display": "100"}, "missing_lines": [], "excluded_lines": [], "start_line": 38}, "ImageRenderer._generate_image": {"executed_lines": [66, 67, 68, 70, 77], "summary": {"covered_lines": 5, "num_statements": 12, "percent_covered": 41.666666666666664, "percent_covered_display": "42", "missing_lines": 7, "excluded_lines": 0, "percent_statements_covered": 41.666666666666664, "percent_statements_covered_display": "42"}, "missing_lines": [86, 87, 89, 90, 91, 92, 94], "excluded_lines": [], "start_line": 64}, "ImageRenderer._create_video_from_image": {"executed_lines": [98, 99, 104, 116, 131, 140, 143, 146], "summary": {"covered_lines": 8, "num_statements": 10, "percent_covered": 80.0, "percent_covered_display": "80", "missing_lines": 2, "excluded_lines": 0, "percent_statements_covered": 80.0, "percent_statements_covered_display": "80"}, "missing_lines": [141, 144], "excluded_lines": [], "start_line": 96}, "": {"executed_lines": [3, 4, 5, 6, 7, 9, 10, 11, 12, 15, 18, 24, 28, 38, 64, 96], "summary": {"covered_lines": 16, "num_statements": 16, "percent_covered": 100.0, "percent_covered_display": "100", "missing_lines": 0, "excluded_lines": 0, "percent_statements_covered": 100.0, "percent_statements_covered_display": "100"}, "missing_lines": [], "excluded_lines": [], "start_line": 1}}, "classes": {"ImageRenderer": {"executed_lines": [19, 20, 21, 22, 26, 30, 33, 36, 40, 42, 45, 47, 54, 55, 66, 67, 68, 70, 77, 98, 99, 104, 116, 131, 140, 143, 146], "summary": {"covered_lines": 27, "num_statements": 38, "percent_covered": 71.05263157894737, "percent_covered_display": "71", "missing_lines": 11, "excluded_lines": 0, "percent_statements_covered": 71.05263157894737, "percent_statements_covered_display": "71"}, "missing_lines": [31, 34, 86, 87, 89, 90, 91, 92, 94, 141, 144], "excluded_lines": [], "start_line": 15}, "": {"executed_lines": [3, 4, 5, 6, 7, 9, 10, 11, 12, 15, 18, 24, 28, 38, 64, 96], "summary": {"covered_lines": 16, "num_statements": 16, "percent_covered": 100.0, "percent_covered_display": "100", "missing_lines": 0, "excluded_lines": 0, "percent_statements_covered": 100.0, "percent_statements_covered_display": "100"}, "missing_lines": [], "excluded_lines": [], "start_line": 1}}}, "story_video\\renderers\\manim_renderer.py": {"executed_lines": [3, 4, 5, 7, 8, 9, 10, 13, 16, 17, 18, 20, 22, 23, 25, 27, 29, 31, 61], "summary": {"covered_lines": 19, "num_statements": 30, "percent_covered": 63.333333333333336, "percent_covered_display": "63", "missing_lines": 11, "excluded_lines": 0, "percent_statements_covered": 63.333333333333336, "percent_statements_covered_display": "63"}, "missing_lines": [28, 37, 38, 42, 44, 51, 52, 63, 75, 84, 85], "excluded_lines": [], "functions": {"ManimRenderer.__init__": {"executed_lines": [17, 18], "summary": {"covered_lines": 2, "num_statements": 2, "percent_covered": 100.0, "percent_covered_display": "100", "missing_lines": 0, "excluded_lines": 0, "percent_statements_covered": 100.0, "percent_statements_covered_display": "100"}, "missing_lines": [], "excluded_lines": [], "start_line": 16}, "ManimRenderer._find_manim": {"executed_lines": [22, 23], "summary": {"covered_lines": 2, "num_statements": 2, "percent_covered": 100.0, "percent_covered_display": "100", "missing_lines": 0, "excluded_lines": 0, "percent_statements_covered": 100.0, "percent_statements_covered_display": "100"}, "missing_lines": [], "excluded_lines": [], "start_line": 20}, "ManimRenderer.is_available": {"executed_lines": [27, 29], "summary": {"covered_lines": 2, "num_statements": 3, "percent_covered": 66.66666666666667, "percent_covered_display": "67", "missing_lines": 1, "excluded_lines": 0, "percent_statements_covered": 66.66666666666667, "percent_statements_covered_display": "67"}, "missing_lines": [28], "excluded_lines": [], "start_line": 25}, "ManimRenderer.render": {"executed_lines": [], "summary": {"covered_lines": 0, "num_statements": 6, "percent_covered": 0.0, "percent_covered_display": "0", "missing_lines": 6, "excluded_lines": 0, "percent_statements_covered": 0.0, "percent_statements_covered_display": "0"}, "missing_lines": [37, 38, 42, 44, 51, 52], "excluded_lines": [], "start_line": 31}, "ManimRenderer._create_placeholder_video": {"executed_lines": [], "summary": {"covered_lines": 0, "num_statements": 4, "percent_covered": 0.0, "percent_covered_display": "0", "missing_lines": 4, "excluded_lines": 0, "percent_statements_covered": 0.0, "percent_statements_covered_display": "0"}, "missing_lines": [63, 75, 84, 85], "excluded_lines": [], "start_line": 61}, "": {"executed_lines": [3, 4, 5, 7, 8, 9, 10, 13, 16, 20, 25, 31, 61], "summary": {"covered_lines": 13, "num_statements": 13, "percent_covered": 100.0, "percent_covered_display": "100", "missing_lines": 0, "excluded_lines": 0, "percent_statements_covered": 100.0, "percent_statements_covered_display": "100"}, "missing_lines": [], "excluded_lines": [], "start_line": 1}}, "classes": {"ManimRenderer": {"executed_lines": [17, 18, 22, 23, 27, 29], "summary": {"covered_lines": 6, "num_statements": 17, "percent_covered": 35.294117647058826, "percent_covered_display": "35", "missing_lines": 11, "excluded_lines": 0, "percent_statements_covered": 35.294117647058826, "percent_statements_covered_display": "35"}, "missing_lines": [28, 37, 38, 42, 44, 51, 52, 63, 75, 84, 85], "excluded_lines": [], "start_line": 13}, "": {"executed_lines": [3, 4, 5, 7, 8, 9, 10, 13, 16, 20, 25, 31, 61], "summary": {"covered_lines": 13, "num_statements": 13, "percent_covered": 100.0, "percent_covered_display": "100", "missing_lines": 0, "excluded_lines": 0, "percent_statements_covered": 100.0, "percent_statements_covered_display": "100"}, "missing_lines": [], "excluded_lines": [], "start_line": 1}}}, "story_video\\renderers\\remotion_renderer.py": {"executed_lines": [3, 4, 5, 7, 8, 9, 10, 13, 16, 23, 24, 25, 26, 28, 30, 32, 34, 36, 38, 40, 41, 44, 46, 56, 68, 72, 81, 82, 83], "summary": {"covered_lines": 29, "num_statements": 33, "percent_covered": 87.87878787878788, "percent_covered_display": "88", "missing_lines": 4, "excluded_lines": 0, "percent_statements_covered": 87.87878787878788, "percent_statements_covered_display": "88"}, "missing_lines": [35, 69, 70, 73], "excluded_lines": [], "functions": {"RemotionRenderer.__init__": {"executed_lines": [23, 24, 25, 26], "summary": {"covered_lines": 4, "num_statements": 4, "percent_covered": 100.0, "percent_covered_display": "100", "missing_lines": 0, "excluded_lines": 0, "percent_statements_covered": 100.0, "percent_statements_covered_display": "100"}, "missing_lines": [], "excluded_lines": [], "start_line": 16}, "RemotionRenderer._find_remotion_cli": {"executed_lines": [30], "summary": {"covered_lines": 1, "num_statements": 1, "percent_covered": 100.0, "percent_covered_display": "100", "missing_lines": 0, "excluded_lines": 0, "percent_statements_covered": 100.0, "percent_statements_covered_display": "100"}, "missing_lines": [], "excluded_lines": [], "start_line": 28}, "RemotionRenderer.is_available": {"executed_lines": [34, 36], "summary": {"covered_lines": 2, "num_statements": 3, "percent_covered": 66.66666666666667, "percent_covered_display": "67", "missing_lines": 1, "excluded_lines": 0, "percent_statements_covered": 66.66666666666667, "percent_statements_covered_display": "67"}, "missing_lines": [35], "excluded_lines": [], "start_line": 32}, "RemotionRenderer.render": {"executed_lines": [40, 41, 44, 46, 56, 68, 72, 81, 82, 83], "summary": {"covered_lines": 10, "num_statements": 13, "percent_covered": 76.92307692307692, "percent_covered_display": "77", "missing_lines": 3, "excluded_lines": 0, "percent_statements_covered": 76.92307692307692, "percent_statements_covered_display": "77"}, "missing_lines": [69, 70, 73], "excluded_lines": [], "start_line": 38}, "": {"executed_lines": [3, 4, 5, 7, 8, 9, 10, 13, 16, 28, 32, 38], "summary": {"covered_lines": 12, "num_statements": 12, "percent_covered": 100.0, "percent_covered_display": "100", "missing_lines": 0, "excluded_lines": 0, "percent_statements_covered": 100.0, "percent_statements_covered_display": "100"}, "missing_lines": [], "excluded_lines": [], "start_line": 1}}, "classes": {"RemotionRenderer": {"executed_lines": [23, 24, 25, 26, 30, 34, 36, 40, 41, 44, 46, 56, 68, 72, 81, 82, 83], "summary": {"covered_lines": 17, "num_statements": 21, "percent_covered": 80.95238095238095, "percent_covered_display": "81", "missing_lines": 4, "excluded_lines": 0, "percent_statements_covered": 80.95238095238095, "percent_statements_covered_display": "81"}, "missing_lines": [35, 69, 70, 73], "excluded_lines": [], "start_line": 13}, "": {"executed_lines": [3, 4, 5, 7, 8, 9, 10, 13, 16, 28, 32, 38], "summary": {"covered_lines": 12, "num_statements": 12, "percent_covered": 100.0, "percent_covered_display": "100", "missing_lines": 0, "excluded_lines": 0, "percent_statements_covered": 100.0, "percent_statements_covered_display": "100"}, "missing_lines": [], "excluded_lines": [], "start_line": 1}}}, "story_video\\scene_planner.py": {"executed_lines": [3, 4, 5, 7, 9, 16, 19, 22, 28, 29, 30, 31, 33, 35, 36, 45, 47, 48, 50, 51, 52, 61, 65, 67, 68, 69, 70, 71, 72, 74, 76, 78, 79, 80, 83, 116, 118, 119, 121, 123, 125, 127, 130, 131, 132, 135, 136, 137, 138, 140, 141, 142, 145, 146, 147, 148, 149, 150], "summary": {"covered_lines": 58, "num_statements": 69, "percent_covered": 84.05797101449275, "percent_covered_display": "84", "missing_lines": 11, "excluded_lines": 0, "percent_statements_covered": 84.05797101449275, "percent_statements_covered_display": "84"}, "missing_lines": [37, 38, 39, 40, 41, 43, 62, 63, 81, 85, 120], "excluded_lines": [], "functions": {"ScenePlanner.__init__": {"executed_lines": [28, 29, 30, 31], "summary": {"covered_lines": 4, "num_statements": 4, "percent_covered": 100.0, "percent_covered_display": "100", "missing_lines": 0, "excluded_lines": 0, "percent_statements_covered": 100.0, "percent_statements_covered_display": "100"}, "missing_lines": [], "excluded_lines": [], "start_line": 22}, "ScenePlanner._create_client": {"executed_lines": [35, 36], "summary": {"covered_lines": 2, "num_statements": 8, "percent_covered": 25.0, "percent_covered_display": "25", "missing_lines": 6, "excluded_lines": 0, "percent_statements_covered": 25.0, "percent_statements_covered_display": "25"}, "missing_lines": [37, 38, 39, 40, 41, 43], "excluded_lines": [], "start_line": 33}, "ScenePlanner.plan_scenes": {"executed_lines": [47, 48, 50, 51, 52, 61, 65, 67, 68, 69, 70, 71, 72, 74], "summary": {"covered_lines": 14, "num_statements": 16, "percent_covered": 87.5, "percent_covered_display": "88", "missing_lines": 2, "excluded_lines": 0, "percent_statements_covered": 87.5, "percent_statements_covered_display": "88"}, "missing_lines": [62, 63], "excluded_lines": [], "start_line": 45}, "ScenePlanner._load_system_prompt": {"executed_lines": [78, 79, 80], "summary": {"covered_lines": 3, "num_statements": 4, "percent_covered": 75.0, "percent_covered_display": "75", "missing_lines": 1, "excluded_lines": 0, "percent_statements_covered": 75.0, "percent_statements_covered_display": "75"}, "missing_lines": [81], "excluded_lines": [], "start_line": 76}, "ScenePlanner._get_default_prompt": {"executed_lines": [], "summary": {"covered_lines": 0, "num_statements": 1, "percent_covered": 0.0, "percent_covered_display": "0", "missing_lines": 1, "excluded_lines": 0, "percent_statements_covered": 0.0, "percent_statements_covered_display": "0"}, "missing_lines": [85], "excluded_lines": [], "start_line": 83}, "ScenePlanner._build_user_prompt": {"executed_lines": [118, 119, 121], "summary": {"covered_lines": 3, "num_statements": 4, "percent_covered": 75.0, "percent_covered_display": "75", "missing_lines": 1, "excluded_lines": 0, "percent_statements_covered": 75.0, "percent_statements_covered_display": "75"}, "missing_lines": [120], "excluded_lines": [], "start_line": 116}, "ScenePlanner._extract_json": {"executed_lines": [125, 127, 130, 131, 132, 135, 136, 137, 138, 140, 141, 142, 145, 146, 147, 148, 149, 150], "summary": {"covered_lines": 18, "num_statements": 18, "percent_covered": 100.0, "percent_covered_display": "100", "missing_lines": 0, "excluded_lines": 0, "percent_statements_covered": 100.0, "percent_statements_covered_display": "100"}, "missing_lines": [], "excluded_lines": [], "start_line": 123}, "": {"executed_lines": [3, 4, 5, 7, 9, 16, 19, 22, 33, 45, 76, 83, 116, 123], "summary": {"covered_lines": 14, "num_statements": 14, "percent_covered": 100.0, "percent_covered_display": "100", "missing_lines": 0, "excluded_lines": 0, "percent_statements_covered": 100.0, "percent_statements_covered_display": "100"}, "missing_lines": [], "excluded_lines": [], "start_line": 1}}, "classes": {"ScenePlanner": {"executed_lines": [28, 29, 30, 31, 35, 36, 47, 48, 50, 51, 52, 61, 65, 67, 68, 69, 70, 71, 72, 74, 78, 79, 80, 118, 119, 121, 125, 127, 130, 131, 132, 135, 136, 137, 138, 140, 141, 142, 145, 146, 147, 148, 149, 150], "summary": {"covered_lines": 44, "num_statements": 55, "percent_covered": 80.0, "percent_covered_display": "80", "missing_lines": 11, "excluded_lines": 0, "percent_statements_covered": 80.0, "percent_statements_covered_display": "80"}, "missing_lines": [37, 38, 39, 40, 41, 43, 62, 63, 81, 85, 120], "excluded_lines": [], "start_line": 19}, "": {"executed_lines": [3, 4, 5, 7, 9, 16, 19, 22, 33, 45, 76, 83, 116, 123], "summary": {"covered_lines": 14, "num_statements": 14, "percent_covered": 100.0, "percent_covered_display": "100", "missing_lines": 0, "excluded_lines": 0, "percent_statements_covered": 100.0, "percent_statements_covered_display": "100"}, "missing_lines": [], "excluded_lines": [], "start_line": 1}}}, "story_video\\scene_renderer.py": {"executed_lines": [3, 4, 6, 7, 10, 13, 20, 21, 22, 23, 26, 27, 28, 30, 32, 33, 34, 35, 36, 37, 40, 49, 51], "summary": {"covered_lines": 23, "num_statements": 23, "percent_covered": 100.0, "percent_covered_display": "100", "missing_lines": 0, "excluded_lines": 0, "percent_statements_covered": 100.0, "percent_statements_covered_display": "100"}, "missing_lines": [], "excluded_lines": [], "functions": {"SceneRendererOrchestrator.__init__": {"executed_lines": [20, 21, 22, 23, 26, 27, 28], "summary": {"covered_lines": 7, "num_statements": 7, "percent_covered": 100.0, "percent_covered_display": "100", "missing_lines": 0, "excluded_lines": 0, "percent_statements_covered": 100.0, "percent_statements_covered_display": "100"}, "missing_lines": [], "excluded_lines": [], "start_line": 13}, "SceneRendererOrchestrator.render_scene": {"executed_lines": [32, 33, 34, 35, 36, 37, 40], "summary": {"covered_lines": 7, "num_statements": 7, "percent_covered": 100.0, "percent_covered_display": "100", "missing_lines": 0, "excluded_lines": 0, "percent_statements_covered": 100.0, "percent_statements_covered_display": "100"}, "missing_lines": [], "excluded_lines": [], "start_line": 30}, "SceneRendererOrchestrator.check_availability": {"executed_lines": [51], "summary": {"covered_lines": 1, "num_statements": 1, "percent_covered": 100.0, "percent_covered_display": "100", "missing_lines": 0, "excluded_lines": 0, "percent_statements_covered": 100.0, "percent_statements_covered_display": "100"}, "missing_lines": [], "excluded_lines": [], "start_line": 49}, "": {"executed_lines": [3, 4, 6, 7, 10, 13, 30, 49], "summary": {"covered_lines": 8, "num_statements": 8, "percent_covered": 100.0, "percent_covered_display": "100", "missing_lines": 0, "excluded_lines": 0, "percent_statements_covered": 100.0, "percent_statements_covered_display": "100"}, "missing_lines": [], "excluded_lines": [], "start_line": 1}}, "classes": {"SceneRendererOrchestrator": {"executed_lines": [20, 21, 22, 23, 26, 27, 28, 32, 33, 34, 35, 36, 37, 40, 51], "summary": {"covered_lines": 15, "num_statements": 15, "percent_covered": 100.0, "percent_covered_display": "100", "missing_lines": 0, "excluded_lines": 0, "percent_statements_covered": 100.0, "percent_statements_covered_display": "100"}, "missing_lines": [], "excluded_lines": [], "start_line": 10}, "": {"executed_lines": [3, 4, 6, 7, 10, 13, 30, 49], "summary": {"covered_lines": 8, "num_statements": 8, "percent_covered": 100.0, "percent_covered_display": "100", "missing_lines": 0, "excluded_lines": 0, "percent_statements_covered": 100.0, "percent_statements_covered_display": "100"}, "missing_lines": [], "excluded_lines": [], "start_line": 1}}}, "story_video\\tool_locator.py": {"executed_lines": [2, 3, 4, 5, 8, 11, 20, 21, 22, 23, 26, 27, 32, 33, 34, 35, 38, 39, 40, 41, 42, 45, 47, 50, 57, 58, 59, 62, 63, 64], "summary": {"covered_lines": 30, "num_statements": 34, "percent_covered": 88.23529411764706, "percent_covered_display": "88", "missing_lines": 4, "excluded_lines": 0, "percent_statements_covered": 88.23529411764706, "percent_statements_covered_display": "88"}, "missing_lines": [36, 43, 60, 66], "excluded_lines": [], "functions": {"find_tool": {"executed_lines": [20, 21, 22, 23, 26, 27, 32, 33, 34, 35, 38, 39, 40, 41, 42, 45, 47], "summary": {"covered_lines": 17, "num_statements": 19, "percent_covered": 89.47368421052632, "percent_covered_display": "89", "missing_lines": 2, "excluded_lines": 0, "percent_statements_covered": 89.47368421052632, "percent_statements_covered_display": "89"}, "missing_lines": [36, 43], "excluded_lines": [], "start_line": 11}, "find_tool_file": {"executed_lines": [57, 58, 59, 62, 63, 64], "summary": {"covered_lines": 6, "num_statements": 8, "percent_covered": 75.0, "percent_covered_display": "75", "missing_lines": 2, "excluded_lines": 0, "percent_statements_covered": 75.0, "percent_statements_covered_display": "75"}, "missing_lines": [60, 66], "excluded_lines": [], "start_line": 50}, "": {"executed_lines": [2, 3, 4, 5, 8, 11, 50], "summary": {"covered_lines": 7, "num_statements": 7, "percent_covered": 100.0, "percent_covered_display": "100", "missing_lines": 0, "excluded_lines": 0, "percent_statements_covered": 100.0, "percent_statements_covered_display": "100"}, "missing_lines": [], "excluded_lines": [], "start_line": 1}}, "classes": {"": {"executed_lines": [2, 3, 4, 5, 8, 11, 20, 21, 22, 23, 26, 27, 32, 33, 34, 35, 38, 39, 40, 41, 42, 45, 47, 50, 57, 58, 59, 62, 63, 64], "summary": {"covered_lines": 30, "num_statements": 34, "percent_covered": 88.23529411764706, "percent_covered_display": "88", "missing_lines": 4, "excluded_lines": 0, "percent_statements_covered": 88.23529411764706, "percent_statements_covered_display": "88"}, "missing_lines": [36, 43, 60, 66], "excluded_lines": [], "start_line": 1}}}}, "totals": {"covered_lines": 475, "num_statements": 611, "percent_covered": 77.74140752864157, "percent_covered_display": "78", "missing_lines": 136, "excluded_lines": 0, "percent_statements_covered": 77.74140752864157, "percent_statements_covered_display": "78"}}